<?xml version="1.0" encoding="UTF-8"?>
<!-- Generated by org.testng.reporters.JUnitReportReporter -->
<testsuite hostname="DESKTOP-SO27JPU" failures="0" tests="3" name="com.opencart.tests.AdminUserCreationTest" time="35.521" errors="0" timestamp="2024-05-30T17:51:19 IST" skipped="0">
  <testcase classname="com.opencart.tests.AdminUserCreationTest" name="verifregister" time="6.218"/>
  <testcase classname="com.opencart.tests.AdminUserCreationTest" name="addNewUser" time="7.794"/>
  <testcase classname="com.opencart.tests.AdminUserCreationTest" name="searchUser" time="21.509"/>
</testsuite> <!-- com.opencart.tests.AdminUserCreationTest -->
